<?xml version="1.0" encoding="UTF-8"?>
<testsuite name="com.generic.FindMaxNumTest" tests="1" skipped="0" failures="0" errors="0" timestamp="2019-11-28T06:31:16" hostname="admin1-desktop" time="0.003">
  <properties/>
  <testcase name="givenThreeInt_whenProp_ReturnTrue" classname="com.generic.FindMaxNumTest" time="0.003"/>
  <system-out><![CDATA[max50
]]></system-out>
  <system-err><![CDATA[]]></system-err>
</testsuite>
